Arguments: 
  /home/davide/.nvm/versions/node/v16.9.1/bin/node /usr/share/yarn/bin/yarn.js build

PATH: 
  /home/davide/.nvm/versions/node/v16.9.1/bin:/home/davide/.local/bin:/usr/local/sbin:/usr/local/bin:/usr/sbin:/usr/bin:/sbin:/bin:/usr/games:/usr/local/games:/snap/bin:/snap/bin

Yarn version: 
  1.22.5

Node version: 
  16.9.1

Platform: 
  linux x64

Trace: 
  SyntaxError: /home/davide/Development/OIHF/ICC/libicc/package.json: Unexpected string in JSON at position 659
      at JSON.parse (<anonymous>)
      at /usr/share/yarn/lib/cli.js:1625:59
      at Generator.next (<anonymous>)
      at step (/usr/share/yarn/lib/cli.js:310:30)
      at /usr/share/yarn/lib/cli.js:321:13

npm manifest: 
  {
    "name": "libicc",
    "version": "0.1.0",
    "description": "WASM Build of Little-CMS",
    "main": "dist/libicc.js",
    "publishConfig": {
      "access": "public"
    },
    "files": [
      "package.json",
      "README.md",
      "dist"
    ],
    "engines": {
      "node": ">=0.14"
    },
    "exports": {
      ".": "./dist/libicc.js",
      "./wasm": "./dist/libiccwasm.wasm",
      "./wasmjs": "./dist/libiccwasm.js"
    },
    "directories": {
      "test": "test"
    },
    "scripts": {
      "build": "bash build.sh",
      "build:ci": "yarn run build",
      "prepublishOnly": "yarn run build",
      "postpublish": "node -p -e \"require('./package.json').version\" > success_version.txt"
      "build:ui": "webpack --config ./.webpack/webpack.config.js",
      "start": " webpack-dev-server --config ./.webpack/webpack.config.js"
    },
    "repository": {
      "type": "git",
      "url": "git+https://github.com/hackermd/libicc"
    },
    "keywords": [
      "ICC",
      "Little-CMS",
      "DICOM"
    ],
    "author": {
      "name": "",
      "email": "",
      "url": ""
    },
    "license": "",
    "bugs": {
      "url": "https://github.com/hackermd/libicc/issues"
    },
    "homepage": "https://github.com/hackermd/libicc#readme",
    "devDependencies": {
      "@babel/core": "^7.12.16",
      "@babel/preset-env": "^7.12.16",
      "babel-loader": "^8.2.2",
      "clean-webpack-plugin": "^4.0.0",
      "html-loader": "^1.3.0",
      "html-webpack-plugin": "^4.3.0",
      "webpack": "^5.22.0",
      "webpack-cli": "^4.5.0",
      "webpack-merge": "^5.7.3"
    }
  }

yarn manifest: 
  No manifest

Lockfile: 
  No lockfile
